<?xml version="1.0" encoding="UTF-8"?>
<!-- Generated by org.testng.reporters.JUnitReportReporter -->
<testsuite hostname="Ravis-MacBook-Pro.local" failures="0" tests="2" name="QASeleniumautomation.DeepMavenJava.AppiumTest" time="0.009" errors="0" timestamp="2024-10-03T16:20:56 EDT" skipped="0">
  <testcase classname="QASeleniumautomation.DeepMavenJava.AppiumTest" name="NativeAPpAndroid" time="0.001"/>
  <system-out/>
  <testcase classname="QASeleniumautomation.DeepMavenJava.AppiumTest" name="IOSApps" time="0.008"/>
  <system-out/>
</testsuite> <!-- QASeleniumautomation.DeepMavenJava.AppiumTest -->
