<?xml version="1.0" encoding="UTF-8"?>
<!-- Generated by org.testng.reporters.JUnitReportReporter -->
<testsuite hostname="Ravis-MacBook-Pro.local" failures="0" tests="2" name="QASeleniumautomation.DeepMavenJava.RestAPITest" time="0.002" errors="0" timestamp="2024-10-03T16:20:55 EDT" skipped="0">
  <testcase classname="QASeleniumautomation.DeepMavenJava.RestAPITest" name="postJira" time="0.001"/>
  <system-out/>
  <testcase classname="QASeleniumautomation.DeepMavenJava.RestAPITest" name="deleteTwitter" time="0.001"/>
  <system-out/>
</testsuite> <!-- QASeleniumautomation.DeepMavenJava.RestAPITest -->
