<?xml version="1.0" encoding="UTF-8"?>
<!-- Generated by org.testng.reporters.JUnitReportReporter -->
<testsuite hostname="Ravis-MacBook-Pro.local" failures="0" tests="1" name="GoogleTest" time="9.257" errors="0" timestamp="2024-09-11T15:45:49 EDT" skipped="0">
  <testcase classname="GoogleTest" name="HomePageCheck" time="9.257"/>
  <system-out/>
</testsuite> <!-- GoogleTest -->
