<?xml version="1.0" encoding="UTF-8"?>
<!-- Generated by org.testng.reporters.JUnitReportReporter -->
<testsuite hostname="Ravis-MacBook-Pro.local" failures="0" tests="2" name="test.Basics" time="0.009" errors="0" timestamp="2024-01-17T22:18:37 EST" skipped="0">
  <testcase classname="test.Basics" name="Demo" time="0.008"/>
  <testcase classname="test.Basics" name="Secondtest" time="0.001"/>
</testsuite> <!-- test.Basics -->
