<?xml version="1.0" encoding="UTF-8"?>
<!-- Generated by org.testng.reporters.JUnitReportReporter -->
<testsuite hostname="Ravis-MacBook-Pro.local" failures="0" tests="3" name="test.day3demo" time="0.001" errors="0" timestamp="2024-01-17T22:18:37 EST" skipped="0">
  <testcase classname="test.day3demo" name="Webloginhomeloan" time="0.001"/>
  <testcase classname="test.day3demo" name="LoginAPIhomeloan" time="0.000"/>
  <testcase classname="test.day3demo" name="Mobileloginhomeloan" time="0.000"/>
</testsuite> <!-- test.day3demo -->
