<?xml version="1.0" encoding="UTF-8"?>
<!-- Generated by org.testng.reporters.JUnitReportReporter -->
<testsuite hostname="Ravis-MacBook-Pro.local" failures="0" tests="1" name="test.day1demo" time="0.005" errors="0" timestamp="2024-01-22T14:47:42 EST" skipped="0">
  <testcase classname="test.day1demo" name="ploan" time="0.005"/>
</testsuite> <!-- test.day1demo -->
