<?xml version="1.0" encoding="UTF-8"?>
<!-- Generated by org.testng.reporters.JUnitReportReporter -->
<testsuite hostname="Ravis-MacBook-Pro.local" failures="0" tests="3" name="test.day2demo" time="0.007" errors="0" timestamp="2024-01-17T22:18:37 EST" skipped="0">
  <testcase classname="test.day2demo" name="LoginAPIcarloan" time="0.001"/>
  <testcase classname="test.day2demo" name="Mobilelogincarloan" time="0.005"/>
  <testcase classname="test.day2demo" name="Weblogincarloan" time="0.001"/>
</testsuite> <!-- test.day2demo -->
